error[E0275]: overflow evaluating the requirement `<(T,) as Grault>::A == _`
  --> $DIR/impl-wf-cycle-1.rs:15:1
   |
LL | / impl<T: Grault> Grault for (T,)
LL | | where
LL | |     Self::A: Baz,
LL | |     Self::B: Fiz,
...  |
LL | |
LL | | }
   | |_^
   |
   = note: required because of the requirements on the impl of `Grault` for `(T,)`
   = note: required because of the requirements on the impl of `Grault` for `(T,)`

error[E0275]: overflow evaluating the requirement `<(T,) as Grault>::A == _`
  --> $DIR/impl-wf-cycle-1.rs:20:5
   |
LL |     type A = ();
   |     ^^^^^^^^^^^^
   |
   = note: required because of the requirements on the impl of `Grault` for `(T,)`
   = note: required because of the requirements on the impl of `Grault` for `(T,)`

error[E0275]: overflow evaluating the requirement `<(T,) as Grault>::A == _`
  --> $DIR/impl-wf-cycle-1.rs:22:5
   |
LL |     type B = bool;
   |     ^^^^^^^^^^^^^^
   |
   = note: required because of the requirements on the impl of `Grault` for `(T,)`
   = note: required because of the requirements on the impl of `Grault` for `(T,)`

error: aborting due to 3 previous errors

For more information about this error, try `rustc --explain E0275`.
