error: invalid asm output
  --> $DIR/type-check-1.rs:10:29
   |
LL |         asm!("{}", out(reg) 1 + 2);
   |                             ^^^^^ cannot assign to this expression

error: invalid asm output
  --> $DIR/type-check-1.rs:12:31
   |
LL |         asm!("{}", inout(reg) 1 + 2);
   |                               ^^^^^ cannot assign to this expression

error[E0277]: the size for values of type `[u64]` cannot be known at compilation time
  --> $DIR/type-check-1.rs:18:28
   |
LL |         asm!("{}", in(reg) v[..]);
   |                            ^^^^^ doesn't have a size known at compile-time
   |
   = help: the trait `Sized` is not implemented for `[u64]`
   = note: all inline asm arguments must have a statically known size

error[E0277]: the size for values of type `[u64]` cannot be known at compilation time
  --> $DIR/type-check-1.rs:20:29
   |
LL |         asm!("{}", out(reg) v[..]);
   |                             ^^^^^ doesn't have a size known at compile-time
   |
   = help: the trait `Sized` is not implemented for `[u64]`
   = note: all inline asm arguments must have a statically known size

error[E0277]: the size for values of type `[u64]` cannot be known at compilation time
  --> $DIR/type-check-1.rs:22:31
   |
LL |         asm!("{}", inout(reg) v[..]);
   |                               ^^^^^ doesn't have a size known at compile-time
   |
   = help: the trait `Sized` is not implemented for `[u64]`
   = note: all inline asm arguments must have a statically known size

error: aborting due to 5 previous errors

For more information about this error, try `rustc --explain E0277`.
