error[E0369]: binary operation `==` cannot be applied to type `Error`
  --> $DIR/derives-span-PartialEq-enum-struct-variant.rs:9:6
   |
LL |      x: Error
   |      ^^^^^^^^
   |
   = note: an implementation of `std::cmp::PartialEq` might be missing for `Error`
   = note: this error originates in a derive macro (in Nightly builds, run with -Z macro-backtrace for more info)

error[E0369]: binary operation `!=` cannot be applied to type `Error`
  --> $DIR/derives-span-PartialEq-enum-struct-variant.rs:9:6
   |
LL |      x: Error
   |      ^^^^^^^^
   |
   = note: an implementation of `std::cmp::PartialEq` might be missing for `Error`
   = note: this error originates in a derive macro (in Nightly builds, run with -Z macro-backtrace for more info)

error: aborting due to 2 previous errors

For more information about this error, try `rustc --explain E0369`.
